[     276ms] [ERROR] ./app/universities/page.tsx:3:1
Module not found: Can't resolve '@/src/components/public/PublicLayout'
  1 | "use client";
  2 |
> 3 | import { PublicLayout } from "@/src/components/public/PublicLayout";
    | ^
  4 | import { CatalogCard } from "@/src/components/public/CatalogCard";
  5 | import { SearchBar } from "@/src/components/public/SearchBar";
  6 | import { FilterBar } from "@/src/components/public/FilterBar";

https://nextjs.org/docs/messages/module-not-found @ webpack-internal:///./node_modules/next/dist/client/components/react-dev-overlay/internal/helpers/hydration-error-info.js:62
[     276ms] [ERROR] ./app/universities/page.tsx:4:1
Module not found: Can't resolve '@/src/components/public/CatalogCard'
  2 |
  3 | import { PublicLayout } from "@/src/components/public/PublicLayout";
> 4 | import { CatalogCard } from "@/src/components/public/CatalogCard";
    | ^
  5 | import { SearchBar } from "@/src/components/public/SearchBar";
  6 | import { FilterBar } from "@/src/components/public/FilterBar";
  7 | import { useState, useEffect } from "react";

https://nextjs.org/docs/messages/module-not-found @ webpack-internal:///./node_modules/next/dist/client/components/react-dev-overlay/internal/helpers/hydration-error-info.js:62
[     276ms] [ERROR] ./app/universities/page.tsx:5:1
Module not found: Can't resolve '@/src/components/public/SearchBar'
  3 | import { PublicLayout } from "@/src/components/public/PublicLayout";
  4 | import { CatalogCard } from "@/src/components/public/CatalogCard";
> 5 | import { SearchBar } from "@/src/components/public/SearchBar";
    | ^
  6 | import { FilterBar } from "@/src/components/public/FilterBar";
  7 | import { useState, useEffect } from "react";
  8 |

https://nextjs.org/docs/messages/module-not-found @ webpack-internal:///./node_modules/next/dist/client/components/react-dev-overlay/internal/helpers/hydration-error-info.js:62
[     276ms] [ERROR] ./app/universities/page.tsx:6:1
Module not found: Can't resolve '@/src/components/public/FilterBar'
  4 | import { CatalogCard } from "@/src/components/public/CatalogCard";
  5 | import { SearchBar } from "@/src/components/public/SearchBar";
> 6 | import { FilterBar } from "@/src/components/public/FilterBar";
    | ^
  7 | import { useState, useEffect } from "react";
  8 |
  9 | export default function UniversitiesPage() {

https://nextjs.org/docs/messages/module-not-found @ webpack-internal:///./node_modules/next/dist/client/components/react-dev-overlay/internal/helpers/hydration-error-info.js:62
[     277ms] [LOG] [Fast Refresh] rebuilding @ webpack-internal:///./node_modules/next/dist/client/components/react-dev-overlay/pages/hot-reloader-client.js:221
[     619ms] [ERROR] ./app/universities/page.tsx:3:1
Module not found: Can't resolve '@/src/components/public/PublicLayout'
  1 | "use client";
  2 |
> 3 | import { PublicLayout } from "@/src/components/public/PublicLayout";
    | ^
  4 | import { CatalogCard } from "@/src/components/public/CatalogCard";
  5 | import { SearchBar } from "@/src/components/public/SearchBar";
  6 | import { FilterBar } from "@/src/components/public/FilterBar";

https://nextjs.org/docs/messages/module-not-found @ webpack-internal:///./node_modules/next/dist/client/components/react-dev-overlay/internal/helpers/hydration-error-info.js:62
[     619ms] [ERROR] ./app/universities/page.tsx:4:1
Module not found: Can't resolve '@/src/components/public/CatalogCard'
  2 |
  3 | import { PublicLayout } from "@/src/components/public/PublicLayout";
> 4 | import { CatalogCard } from "@/src/components/public/CatalogCard";
    | ^
  5 | import { SearchBar } from "@/src/components/public/SearchBar";
  6 | import { FilterBar } from "@/src/components/public/FilterBar";
  7 | import { useState, useEffect } from "react";

https://nextjs.org/docs/messages/module-not-found @ webpack-internal:///./node_modules/next/dist/client/components/react-dev-overlay/internal/helpers/hydration-error-info.js:62
[     619ms] [ERROR] ./app/universities/page.tsx:5:1
Module not found: Can't resolve '@/src/components/public/SearchBar'
  3 | import { PublicLayout } from "@/src/components/public/PublicLayout";
  4 | import { CatalogCard } from "@/src/components/public/CatalogCard";
> 5 | import { SearchBar } from "@/src/components/public/SearchBar";
    | ^
  6 | import { FilterBar } from "@/src/components/public/FilterBar";
  7 | import { useState, useEffect } from "react";
  8 |

https://nextjs.org/docs/messages/module-not-found @ webpack-internal:///./node_modules/next/dist/client/components/react-dev-overlay/internal/helpers/hydration-error-info.js:62
[     619ms] [ERROR] ./app/universities/page.tsx:6:1
Module not found: Can't resolve '@/src/components/public/FilterBar'
  4 | import { CatalogCard } from "@/src/components/public/CatalogCard";
  5 | import { SearchBar } from "@/src/components/public/SearchBar";
> 6 | import { FilterBar } from "@/src/components/public/FilterBar";
    | ^
  7 | import { useState, useEffect } from "react";
  8 |
  9 | export default function UniversitiesPage() {

https://nextjs.org/docs/messages/module-not-found @ webpack-internal:///./node_modules/next/dist/client/components/react-dev-overlay/internal/helpers/hydration-error-info.js:62
[     620ms] [ERROR] ./app/[...pages]/page.tsx:1:1
Module not found: Can't resolve '@/src/components/public/PublicLayout'
> 1 | import { PublicLayout } from "@/src/components/public/PublicLayout";
    | ^
  2 | import Link from "next/link";
  3 |
  4 | const staticPages: Record<string, any> = {

https://nextjs.org/docs/messages/module-not-found @ webpack-internal:///./node_modules/next/dist/client/components/react-dev-overlay/internal/helpers/hydration-error-info.js:62
[     620ms] [ERROR] ./app/universities/page.tsx:3:1
Module not found: Can't resolve '@/src/components/public/PublicLayout'
  1 | "use client";
  2 |
> 3 | import { PublicLayout } from "@/src/components/public/PublicLayout";
    | ^
  4 | import { CatalogCard } from "@/src/components/public/CatalogCard";
  5 | import { SearchBar } from "@/src/components/public/SearchBar";
  6 | import { FilterBar } from "@/src/components/public/FilterBar";

https://nextjs.org/docs/messages/module-not-found @ webpack-internal:///./node_modules/next/dist/client/components/react-dev-overlay/internal/helpers/hydration-error-info.js:62
[     620ms] [ERROR] ./app/universities/page.tsx:4:1
Module not found: Can't resolve '@/src/components/public/CatalogCard'
  2 |
  3 | import { PublicLayout } from "@/src/components/public/PublicLayout";
> 4 | import { CatalogCard } from "@/src/components/public/CatalogCard";
    | ^
  5 | import { SearchBar } from "@/src/components/public/SearchBar";
  6 | import { FilterBar } from "@/src/components/public/FilterBar";
  7 | import { useState, useEffect } from "react";

https://nextjs.org/docs/messages/module-not-found @ webpack-internal:///./node_modules/next/dist/client/components/react-dev-overlay/internal/helpers/hydration-error-info.js:62
[     620ms] [ERROR] ./app/universities/page.tsx:5:1
Module not found: Can't resolve '@/src/components/public/SearchBar'
  3 | import { PublicLayout } from "@/src/components/public/PublicLayout";
  4 | import { CatalogCard } from "@/src/components/public/CatalogCard";
> 5 | import { SearchBar } from "@/src/components/public/SearchBar";
    | ^
  6 | import { FilterBar } from "@/src/components/public/FilterBar";
  7 | import { useState, useEffect } from "react";
  8 |

https://nextjs.org/docs/messages/module-not-found @ webpack-internal:///./node_modules/next/dist/client/components/react-dev-overlay/internal/helpers/hydration-error-info.js:62
[     620ms] [ERROR] ./app/universities/page.tsx:6:1
Module not found: Can't resolve '@/src/components/public/FilterBar'
  4 | import { CatalogCard } from "@/src/components/public/CatalogCard";
  5 | import { SearchBar } from "@/src/components/public/SearchBar";
> 6 | import { FilterBar } from "@/src/components/public/FilterBar";
    | ^
  7 | import { useState, useEffect } from "react";
  8 |
  9 | export default function UniversitiesPage() {

https://nextjs.org/docs/messages/module-not-found @ webpack-internal:///./node_modules/next/dist/client/components/react-dev-overlay/internal/helpers/hydration-error-info.js:62
[     686ms] [ERROR] ./app/universities/page.tsx:3:1
Module not found: Can't resolve '@/src/components/public/PublicLayout'
  1 | "use client";
  2 |
> 3 | import { PublicLayout } from "@/src/components/public/PublicLayout";
    | ^
  4 | import { CatalogCard } from "@/src/components/public/CatalogCard";
  5 | import { SearchBar } from "@/src/components/public/SearchBar";
  6 | import { FilterBar } from "@/src/components/public/FilterBar";

https://nextjs.org/docs/messages/module-not-found @ webpack-internal:///./node_modules/next/dist/client/components/react-dev-overlay/internal/helpers/hydration-error-info.js:62
[     686ms] [ERROR] ./app/universities/page.tsx:4:1
Module not found: Can't resolve '@/src/components/public/CatalogCard'
  2 |
  3 | import { PublicLayout } from "@/src/components/public/PublicLayout";
> 4 | import { CatalogCard } from "@/src/components/public/CatalogCard";
    | ^
  5 | import { SearchBar } from "@/src/components/public/SearchBar";
  6 | import { FilterBar } from "@/src/components/public/FilterBar";
  7 | import { useState, useEffect } from "react";

https://nextjs.org/docs/messages/module-not-found @ webpack-internal:///./node_modules/next/dist/client/components/react-dev-overlay/internal/helpers/hydration-error-info.js:62
[     686ms] [ERROR] ./app/universities/page.tsx:5:1
Module not found: Can't resolve '@/src/components/public/SearchBar'
  3 | import { PublicLayout } from "@/src/components/public/PublicLayout";
  4 | import { CatalogCard } from "@/src/components/public/CatalogCard";
> 5 | import { SearchBar } from "@/src/components/public/SearchBar";
    | ^
  6 | import { FilterBar } from "@/src/components/public/FilterBar";
  7 | import { useState, useEffect } from "react";
  8 |

https://nextjs.org/docs/messages/module-not-found @ webpack-internal:///./node_modules/next/dist/client/components/react-dev-overlay/internal/helpers/hydration-error-info.js:62
[     686ms] [ERROR] ./app/universities/page.tsx:6:1
Module not found: Can't resolve '@/src/components/public/FilterBar'
  4 | import { CatalogCard } from "@/src/components/public/CatalogCard";
  5 | import { SearchBar } from "@/src/components/public/SearchBar";
> 6 | import { FilterBar } from "@/src/components/public/FilterBar";
    | ^
  7 | import { useState, useEffect } from "react";
  8 |
  9 | export default function UniversitiesPage() {

https://nextjs.org/docs/messages/module-not-found @ webpack-internal:///./node_modules/next/dist/client/components/react-dev-overlay/internal/helpers/hydration-error-info.js:62
[     777ms] [ERROR] ./app/universities/page.tsx:3:1
Module not found: Can't resolve '@/src/components/public/PublicLayout'
  1 | "use client";
  2 |
> 3 | import { PublicLayout } from "@/src/components/public/PublicLayout";
    | ^
  4 | import { CatalogCard } from "@/src/components/public/CatalogCard";
  5 | import { SearchBar } from "@/src/components/public/SearchBar";
  6 | import { FilterBar } from "@/src/components/public/FilterBar";

https://nextjs.org/docs/messages/module-not-found @ webpack-internal:///./node_modules/next/dist/client/components/react-dev-overlay/internal/helpers/hydration-error-info.js:62
[     778ms] [ERROR] ./app/universities/page.tsx:4:1
Module not found: Can't resolve '@/src/components/public/CatalogCard'
  2 |
  3 | import { PublicLayout } from "@/src/components/public/PublicLayout";
> 4 | import { CatalogCard } from "@/src/components/public/CatalogCard";
    | ^
  5 | import { SearchBar } from "@/src/components/public/SearchBar";
  6 | import { FilterBar } from "@/src/components/public/FilterBar";
  7 | import { useState, useEffect } from "react";

https://nextjs.org/docs/messages/module-not-found @ webpack-internal:///./node_modules/next/dist/client/components/react-dev-overlay/internal/helpers/hydration-error-info.js:62
[     778ms] [ERROR] ./app/universities/page.tsx:5:1
Module not found: Can't resolve '@/src/components/public/SearchBar'
  3 | import { PublicLayout } from "@/src/components/public/PublicLayout";
  4 | import { CatalogCard } from "@/src/components/public/CatalogCard";
> 5 | import { SearchBar } from "@/src/components/public/SearchBar";
    | ^
  6 | import { FilterBar } from "@/src/components/public/FilterBar";
  7 | import { useState, useEffect } from "react";
  8 |

https://nextjs.org/docs/messages/module-not-found @ webpack-internal:///./node_modules/next/dist/client/components/react-dev-overlay/internal/helpers/hydration-error-info.js:62
[     778ms] [ERROR] ./app/universities/page.tsx:6:1
Module not found: Can't resolve '@/src/components/public/FilterBar'
  4 | import { CatalogCard } from "@/src/components/public/CatalogCard";
  5 | import { SearchBar } from "@/src/components/public/SearchBar";
> 6 | import { FilterBar } from "@/src/components/public/FilterBar";
    | ^
  7 | import { useState, useEffect } from "react";
  8 |
  9 | export default function UniversitiesPage() {

https://nextjs.org/docs/messages/module-not-found @ webpack-internal:///./node_modules/next/dist/client/components/react-dev-overlay/internal/helpers/hydration-error-info.js:62
[     778ms] [ERROR] ./app/[...pages]/page.tsx:1:1
Module not found: Can't resolve '@/src/components/public/PublicLayout'
> 1 | import { PublicLayout } from "@/src/components/public/PublicLayout";
    | ^
  2 | import Link from "next/link";
  3 |
  4 | const staticPages: Record<string, any> = {

https://nextjs.org/docs/messages/module-not-found @ webpack-internal:///./node_modules/next/dist/client/components/react-dev-overlay/internal/helpers/hydration-error-info.js:62
[     958ms] [ERROR] Failed to load resource: the server responded with a status of 500 (Internal Server Error) @ http://localhost:3000/_next/static/webpack/f686362c2e68d37e.webpack.hot-update.json:0
[     958ms] [WARNING] [Fast Refresh] performing full reload

Fast Refresh will perform a full reload when you edit a file that's imported by modules outside of the React rendering tree.
You might have a file which exports a React component but also exports a value that is imported by a non-React component file.
Consider migrating the non-React component export to a separate file and importing it into both files.

It is also possible the parent component of the component you edited is a class component, which disables Fast Refresh.
Fast Refresh requires at least one parent function component in your React tree. @ webpack-internal:///./node_modules/next/dist/client/components/react-dev-overlay/pages/hot-reloader-client.js:347
[     970ms] [ERROR] Failed to load resource: the server responded with a status of 500 (Internal Server Error) @ http://localhost:3000/universities:0
[    1219ms] [INFO] %cDownload the React DevTools for a better development experience: https://reactjs.org/link/react-devtools font-weight:bold @ webpack-internal:///./node_modules/react-dom/cjs/react-dom.development.js:29889
[    1237ms] Error: Module not found: Can't resolve '@/src/components/public/PublicLayout'
  1 | "use client";
  2 |
> 3 | import { PublicLayout } from "@/src/components/public/PublicLayout";
    | ^
  4 | import { CatalogCard } from "@/src/components/public/CatalogCard";
  5 | import { SearchBar } from "@/src/components/public/SearchBar";
  6 | import { FilterBar } from "@/src/components/public/FilterBar";

https://nextjs.org/docs/messages/module-not-found

    at <unknown> (https://nextjs.org/docs/messages/module-not-found)
    at getNotFoundError (file:///Users/lizhao/Documents/code/job/node_modules/next/dist/build/webpack/plugins/wellknown-errors-plugin/parseNotFoundError.js:124:16)
    at process.processTicksAndRejections (node:internal/process/task_queues:105:5)
    at async getModuleBuildError (file:///Users/lizhao/Documents/code/job/node_modules/next/dist/build/webpack/plugins/wellknown-errors-plugin/webpackModuleError.js:104:27)
    at async (file:///Users/lizhao/Documents/code/job/node_modules/next/dist/build/webpack/plugins/wellknown-errors-plugin/index.js:29:49)
    at async (file:///Users/lizhao/Documents/code/job/node_modules/next/dist/build/webpack/plugins/wellknown-errors-plugin/index.js:27:21)
[    1237ms] [LOG] [HMR] connected @ webpack-internal:///./node_modules/next/dist/client/components/react-dev-overlay/pages/websocket.js:38
[    1240ms] [ERROR] ./app/universities/page.tsx:3:1
Module not found: Can't resolve '@/src/components/public/PublicLayout'
  1 | "use client";
  2 |
> 3 | import { PublicLayout } from "@/src/components/public/PublicLayout";
    | ^
  4 | import { CatalogCard } from "@/src/components/public/CatalogCard";
  5 | import { SearchBar } from "@/src/components/public/SearchBar";
  6 | import { FilterBar } from "@/src/components/public/FilterBar";

https://nextjs.org/docs/messages/module-not-found @ webpack-internal:///./node_modules/next/dist/client/components/react-dev-overlay/internal/helpers/hydration-error-info.js:62
[    1240ms] [ERROR] ./app/universities/page.tsx:4:1
Module not found: Can't resolve '@/src/components/public/CatalogCard'
  2 |
  3 | import { PublicLayout } from "@/src/components/public/PublicLayout";
> 4 | import { CatalogCard } from "@/src/components/public/CatalogCard";
    | ^
  5 | import { SearchBar } from "@/src/components/public/SearchBar";
  6 | import { FilterBar } from "@/src/components/public/FilterBar";
  7 | import { useState, useEffect } from "react";

https://nextjs.org/docs/messages/module-not-found @ webpack-internal:///./node_modules/next/dist/client/components/react-dev-overlay/internal/helpers/hydration-error-info.js:62
[    1240ms] [ERROR] ./app/universities/page.tsx:5:1
Module not found: Can't resolve '@/src/components/public/SearchBar'
  3 | import { PublicLayout } from "@/src/components/public/PublicLayout";
  4 | import { CatalogCard } from "@/src/components/public/CatalogCard";
> 5 | import { SearchBar } from "@/src/components/public/SearchBar";
    | ^
  6 | import { FilterBar } from "@/src/components/public/FilterBar";
  7 | import { useState, useEffect } from "react";
  8 |

https://nextjs.org/docs/messages/module-not-found @ webpack-internal:///./node_modules/next/dist/client/components/react-dev-overlay/internal/helpers/hydration-error-info.js:62
[    1240ms] [ERROR] ./app/universities/page.tsx:6:1
Module not found: Can't resolve '@/src/components/public/FilterBar'
  4 | import { CatalogCard } from "@/src/components/public/CatalogCard";
  5 | import { SearchBar } from "@/src/components/public/SearchBar";
> 6 | import { FilterBar } from "@/src/components/public/FilterBar";
    | ^
  7 | import { useState, useEffect } from "react";
  8 |
  9 | export default function UniversitiesPage() {

https://nextjs.org/docs/messages/module-not-found @ webpack-internal:///./node_modules/next/dist/client/components/react-dev-overlay/internal/helpers/hydration-error-info.js:62
[    1240ms] [ERROR] ./app/[...pages]/page.tsx:1:1
Module not found: Can't resolve '@/src/components/public/PublicLayout'
> 1 | import { PublicLayout } from "@/src/components/public/PublicLayout";
    | ^
  2 | import Link from "next/link";
  3 |
  4 | const staticPages: Record<string, any> = {

https://nextjs.org/docs/messages/module-not-found @ webpack-internal:///./node_modules/next/dist/client/components/react-dev-overlay/internal/helpers/hydration-error-info.js:62
[   14733ms] [LOG] [HMR] connected @ webpack-internal:///./node_modules/next/dist/client/components/react-dev-overlay/pages/websocket.js:38
[   15063ms] [LOG] [Fast Refresh] rebuilding @ webpack-internal:///./node_modules/next/dist/client/components/react-dev-overlay/pages/hot-reloader-client.js:221
[   15744ms] [ERROR] ./app/[...pages]/page.tsx:1:1
Module not found: Can't resolve '@/src/components/public/PublicLayout'
> 1 | import { PublicLayout } from "@/src/components/public/PublicLayout";
    | ^
  2 | import Link from "next/link";
  3 |
  4 | const staticPages: Record<string, any> = {

https://nextjs.org/docs/messages/module-not-found @ webpack-internal:///./node_modules/next/dist/client/components/react-dev-overlay/internal/helpers/hydration-error-info.js:62
[   18129ms] [LOG] [Fast Refresh] rebuilding @ webpack-internal:///./node_modules/next/dist/client/components/react-dev-overlay/pages/hot-reloader-client.js:221
[   18193ms] [ERROR] ./app/universities/page.tsx:3:1
Module not found: Can't resolve '@/src/components/public/PublicLayout'
  1 | "use client";
  2 |
> 3 | import { PublicLayout } from "@/src/components/public/PublicLayout";
    | ^
  4 | import { CatalogCard } from "@/src/components/public/CatalogCard";
  5 | import { SearchBar } from "@/src/components/public/SearchBar";
  6 | import { FilterBar } from "@/src/components/public/FilterBar";

https://nextjs.org/docs/messages/module-not-found @ webpack-internal:///./node_modules/next/dist/client/components/react-dev-overlay/internal/helpers/hydration-error-info.js:62
[   18193ms] [ERROR] ./app/universities/page.tsx:4:1
Module not found: Can't resolve '@/src/components/public/CatalogCard'
  2 |
  3 | import { PublicLayout } from "@/src/components/public/PublicLayout";
> 4 | import { CatalogCard } from "@/src/components/public/CatalogCard";
    | ^
  5 | import { SearchBar } from "@/src/components/public/SearchBar";
  6 | import { FilterBar } from "@/src/components/public/FilterBar";
  7 | import { useState, useEffect } from "react";

https://nextjs.org/docs/messages/module-not-found @ webpack-internal:///./node_modules/next/dist/client/components/react-dev-overlay/internal/helpers/hydration-error-info.js:62
[   18193ms] [ERROR] ./app/universities/page.tsx:5:1
Module not found: Can't resolve '@/src/components/public/SearchBar'
  3 | import { PublicLayout } from "@/src/components/public/PublicLayout";
  4 | import { CatalogCard } from "@/src/components/public/CatalogCard";
> 5 | import { SearchBar } from "@/src/components/public/SearchBar";
    | ^
  6 | import { FilterBar } from "@/src/components/public/FilterBar";
  7 | import { useState, useEffect } from "react";
  8 |

https://nextjs.org/docs/messages/module-not-found @ webpack-internal:///./node_modules/next/dist/client/components/react-dev-overlay/internal/helpers/hydration-error-info.js:62
[   18193ms] [ERROR] ./app/universities/page.tsx:6:1
Module not found: Can't resolve '@/src/components/public/FilterBar'
  4 | import { CatalogCard } from "@/src/components/public/CatalogCard";
  5 | import { SearchBar } from "@/src/components/public/SearchBar";
> 6 | import { FilterBar } from "@/src/components/public/FilterBar";
    | ^
  7 | import { useState, useEffect } from "react";
  8 |
  9 | export default function UniversitiesPage() {

https://nextjs.org/docs/messages/module-not-found @ webpack-internal:///./node_modules/next/dist/client/components/react-dev-overlay/internal/helpers/hydration-error-info.js:62
[   18193ms] [ERROR] ./app/[...pages]/page.tsx:1:1
Module not found: Can't resolve '@/src/components/public/PublicLayout'
> 1 | import { PublicLayout } from "@/src/components/public/PublicLayout";
    | ^
  2 | import Link from "next/link";
  3 |
  4 | const staticPages: Record<string, any> = {

https://nextjs.org/docs/messages/module-not-found @ webpack-internal:///./node_modules/next/dist/client/components/react-dev-overlay/internal/helpers/hydration-error-info.js:62
[   18325ms] [ERROR] ./app/universities/page.tsx:3:1
Module not found: Can't resolve '@/src/components/public/PublicLayout'
  1 | "use client";
  2 |
> 3 | import { PublicLayout } from "@/src/components/public/PublicLayout";
    | ^
  4 | import { CatalogCard } from "@/src/components/public/CatalogCard";
  5 | import { SearchBar } from "@/src/components/public/SearchBar";
  6 | import { FilterBar } from "@/src/components/public/FilterBar";

https://nextjs.org/docs/messages/module-not-found @ webpack-internal:///./node_modules/next/dist/client/components/react-dev-overlay/internal/helpers/hydration-error-info.js:62
[   18325ms] [ERROR] ./app/universities/page.tsx:4:1
Module not found: Can't resolve '@/src/components/public/CatalogCard'
  2 |
  3 | import { PublicLayout } from "@/src/components/public/PublicLayout";
> 4 | import { CatalogCard } from "@/src/components/public/CatalogCard";
    | ^
  5 | import { SearchBar } from "@/src/components/public/SearchBar";
  6 | import { FilterBar } from "@/src/components/public/FilterBar";
  7 | import { useState, useEffect } from "react";

https://nextjs.org/docs/messages/module-not-found @ webpack-internal:///./node_modules/next/dist/client/components/react-dev-overlay/internal/helpers/hydration-error-info.js:62
[   18325ms] [ERROR] ./app/universities/page.tsx:5:1
Module not found: Can't resolve '@/src/components/public/SearchBar'
  3 | import { PublicLayout } from "@/src/components/public/PublicLayout";
  4 | import { CatalogCard } from "@/src/components/public/CatalogCard";
> 5 | import { SearchBar } from "@/src/components/public/SearchBar";
    | ^
  6 | import { FilterBar } from "@/src/components/public/FilterBar";
  7 | import { useState, useEffect } from "react";
  8 |

https://nextjs.org/docs/messages/module-not-found @ webpack-internal:///./node_modules/next/dist/client/components/react-dev-overlay/internal/helpers/hydration-error-info.js:62
[   18325ms] [ERROR] ./app/universities/page.tsx:6:1
Module not found: Can't resolve '@/src/components/public/FilterBar'
  4 | import { CatalogCard } from "@/src/components/public/CatalogCard";
  5 | import { SearchBar } from "@/src/components/public/SearchBar";
> 6 | import { FilterBar } from "@/src/components/public/FilterBar";
    | ^
  7 | import { useState, useEffect } from "react";
  8 |
  9 | export default function UniversitiesPage() {

https://nextjs.org/docs/messages/module-not-found @ webpack-internal:///./node_modules/next/dist/client/components/react-dev-overlay/internal/helpers/hydration-error-info.js:62
[   18367ms] [ERROR] ./app/universities/page.tsx:3:1
Module not found: Can't resolve '@/src/components/public/PublicLayout'
  1 | "use client";
  2 |
> 3 | import { PublicLayout } from "@/src/components/public/PublicLayout";
    | ^
  4 | import { CatalogCard } from "@/src/components/public/CatalogCard";
  5 | import { SearchBar } from "@/src/components/public/SearchBar";
  6 | import { FilterBar } from "@/src/components/public/FilterBar";

https://nextjs.org/docs/messages/module-not-found @ webpack-internal:///./node_modules/next/dist/client/components/react-dev-overlay/internal/helpers/hydration-error-info.js:62
[   18367ms] [ERROR] ./app/universities/page.tsx:4:1
Module not found: Can't resolve '@/src/components/public/CatalogCard'
  2 |
  3 | import { PublicLayout } from "@/src/components/public/PublicLayout";
> 4 | import { CatalogCard } from "@/src/components/public/CatalogCard";
    | ^
  5 | import { SearchBar } from "@/src/components/public/SearchBar";
  6 | import { FilterBar } from "@/src/components/public/FilterBar";
  7 | import { useState, useEffect } from "react";

https://nextjs.org/docs/messages/module-not-found @ webpack-internal:///./node_modules/next/dist/client/components/react-dev-overlay/internal/helpers/hydration-error-info.js:62
[   18367ms] [ERROR] ./app/universities/page.tsx:5:1
Module not found: Can't resolve '@/src/components/public/SearchBar'
  3 | import { PublicLayout } from "@/src/components/public/PublicLayout";
  4 | import { CatalogCard } from "@/src/components/public/CatalogCard";
> 5 | import { SearchBar } from "@/src/components/public/SearchBar";
    | ^
  6 | import { FilterBar } from "@/src/components/public/FilterBar";
  7 | import { useState, useEffect } from "react";
  8 |

https://nextjs.org/docs/messages/module-not-found @ webpack-internal:///./node_modules/next/dist/client/components/react-dev-overlay/internal/helpers/hydration-error-info.js:62
[   18367ms] [ERROR] ./app/universities/page.tsx:6:1
Module not found: Can't resolve '@/src/components/public/FilterBar'
  4 | import { CatalogCard } from "@/src/components/public/CatalogCard";
  5 | import { SearchBar } from "@/src/components/public/SearchBar";
> 6 | import { FilterBar } from "@/src/components/public/FilterBar";
    | ^
  7 | import { useState, useEffect } from "react";
  8 |
  9 | export default function UniversitiesPage() {

https://nextjs.org/docs/messages/module-not-found @ webpack-internal:///./node_modules/next/dist/client/components/react-dev-overlay/internal/helpers/hydration-error-info.js:62
[   18423ms] [ERROR] ./app/universities/page.tsx:3:1
Module not found: Can't resolve '@/src/components/public/PublicLayout'
  1 | "use client";
  2 |
> 3 | import { PublicLayout } from "@/src/components/public/PublicLayout";
    | ^
  4 | import { CatalogCard } from "@/src/components/public/CatalogCard";
  5 | import { SearchBar } from "@/src/components/public/SearchBar";
  6 | import { FilterBar } from "@/src/components/public/FilterBar";

https://nextjs.org/docs/messages/module-not-found @ webpack-internal:///./node_modules/next/dist/client/components/react-dev-overlay/internal/helpers/hydration-error-info.js:62
[   18423ms] [ERROR] ./app/universities/page.tsx:4:1
Module not found: Can't resolve '@/src/components/public/CatalogCard'
  2 |
  3 | import { PublicLayout } from "@/src/components/public/PublicLayout";
> 4 | import { CatalogCard } from "@/src/components/public/CatalogCard";
    | ^
  5 | import { SearchBar } from "@/src/components/public/SearchBar";
  6 | import { FilterBar } from "@/src/components/public/FilterBar";
  7 | import { useState, useEffect } from "react";

https://nextjs.org/docs/messages/module-not-found @ webpack-internal:///./node_modules/next/dist/client/components/react-dev-overlay/internal/helpers/hydration-error-info.js:62
[   18423ms] [ERROR] ./app/universities/page.tsx:5:1
Module not found: Can't resolve '@/src/components/public/SearchBar'
  3 | import { PublicLayout } from "@/src/components/public/PublicLayout";
  4 | import { CatalogCard } from "@/src/components/public/CatalogCard";
> 5 | import { SearchBar } from "@/src/components/public/SearchBar";
    | ^
  6 | import { FilterBar } from "@/src/components/public/FilterBar";
  7 | import { useState, useEffect } from "react";
  8 |

https://nextjs.org/docs/messages/module-not-found @ webpack-internal:///./node_modules/next/dist/client/components/react-dev-overlay/internal/helpers/hydration-error-info.js:62
[   18423ms] [ERROR] ./app/universities/page.tsx:6:1
Module not found: Can't resolve '@/src/components/public/FilterBar'
  4 | import { CatalogCard } from "@/src/components/public/CatalogCard";
  5 | import { SearchBar } from "@/src/components/public/SearchBar";
> 6 | import { FilterBar } from "@/src/components/public/FilterBar";
    | ^
  7 | import { useState, useEffect } from "react";
  8 |
  9 | export default function UniversitiesPage() {

https://nextjs.org/docs/messages/module-not-found @ webpack-internal:///./node_modules/next/dist/client/components/react-dev-overlay/internal/helpers/hydration-error-info.js:62
[   18423ms] [ERROR] ./app/[...pages]/page.tsx:1:1
Module not found: Can't resolve '@/src/components/public/PublicLayout'
> 1 | import { PublicLayout } from "@/src/components/public/PublicLayout";
    | ^
  2 | import Link from "next/link";
  3 |
  4 | const staticPages: Record<string, any> = {

https://nextjs.org/docs/messages/module-not-found @ webpack-internal:///./node_modules/next/dist/client/components/react-dev-overlay/internal/helpers/hydration-error-info.js:62
[   19583ms] [ERROR] ./app/universities/page.tsx:3:1
Module not found: Can't resolve '@/src/components/public/PublicLayout'
  1 | "use client";
  2 |
> 3 | import { PublicLayout } from "@/src/components/public/PublicLayout";
    | ^
  4 | import { CatalogCard } from "@/src/components/public/CatalogCard";
  5 | import { SearchBar } from "@/src/components/public/SearchBar";
  6 | import { FilterBar } from "@/src/components/public/FilterBar";

https://nextjs.org/docs/messages/module-not-found @ webpack-internal:///./node_modules/next/dist/client/components/react-dev-overlay/internal/helpers/hydration-error-info.js:62
[   19583ms] [ERROR] ./app/universities/page.tsx:4:1
Module not found: Can't resolve '@/src/components/public/CatalogCard'
  2 |
  3 | import { PublicLayout } from "@/src/components/public/PublicLayout";
> 4 | import { CatalogCard } from "@/src/components/public/CatalogCard";
    | ^
  5 | import { SearchBar } from "@/src/components/public/SearchBar";
  6 | import { FilterBar } from "@/src/components/public/FilterBar";
  7 | import { useState, useEffect } from "react";

https://nextjs.org/docs/messages/module-not-found @ webpack-internal:///./node_modules/next/dist/client/components/react-dev-overlay/internal/helpers/hydration-error-info.js:62
[   19584ms] [ERROR] ./app/universities/page.tsx:5:1
Module not found: Can't resolve '@/src/components/public/SearchBar'
  3 | import { PublicLayout } from "@/src/components/public/PublicLayout";
  4 | import { CatalogCard } from "@/src/components/public/CatalogCard";
> 5 | import { SearchBar } from "@/src/components/public/SearchBar";
    | ^
  6 | import { FilterBar } from "@/src/components/public/FilterBar";
  7 | import { useState, useEffect } from "react";
  8 |

https://nextjs.org/docs/messages/module-not-found @ webpack-internal:///./node_modules/next/dist/client/components/react-dev-overlay/internal/helpers/hydration-error-info.js:62
[   19584ms] [ERROR] ./app/universities/page.tsx:6:1
Module not found: Can't resolve '@/src/components/public/FilterBar'
  4 | import { CatalogCard } from "@/src/components/public/CatalogCard";
  5 | import { SearchBar } from "@/src/components/public/SearchBar";
> 6 | import { FilterBar } from "@/src/components/public/FilterBar";
    | ^
  7 | import { useState, useEffect } from "react";
  8 |
  9 | export default function UniversitiesPage() {

https://nextjs.org/docs/messages/module-not-found @ webpack-internal:///./node_modules/next/dist/client/components/react-dev-overlay/internal/helpers/hydration-error-info.js:62
