[     306ms] [WARNING] Failed to decode downloaded font: https://malishaedu.com/backend/assets/vendors/iconfonts/font-awesome/webfonts/fa-solid-900.html @ https://malishaedu.com/user/notification:75
[     306ms] [WARNING] OTS parsing error: Failed to convert WOFF 2.0 font to SFNT @ https://malishaedu.com/user/notification:75
[     306ms] [ERROR] Mixed Content: The page at 'https://malishaedu.com/user/notification' was loaded over HTTPS, but requested an insecure font 'http://www.urbanui.com/'. This request has been blocked; the content must be served over HTTPS. @ https://malishaedu.com/user/notification:75
[     306ms] [ERROR] Mixed Content: The page at 'https://malishaedu.com/user/notification' was loaded over HTTPS, but requested an insecure font 'http://www.urbanui.com/'. This request has been blocked; the content must be served over HTTPS. @ https://malishaedu.com/user/notification:75
[     306ms] [ERROR] Mixed Content: The page at 'https://malishaedu.com/user/notification' was loaded over HTTPS, but requested an insecure font 'http://www.urbanui.com/'. This request has been blocked; the content must be served over HTTPS. @ https://malishaedu.com/user/notification:75
[     306ms] [ERROR] Mixed Content: The page at 'https://malishaedu.com/user/notification' was loaded over HTTPS, but requested an insecure font 'http://www.urbanui.com/'. This request has been blocked; the content must be served over HTTPS. @ https://malishaedu.com/user/notification:75
[     306ms] [ERROR] Mixed Content: The page at 'https://malishaedu.com/user/notification' was loaded over HTTPS, but requested an insecure font 'http://www.urbanui.com/'. This request has been blocked; the content must be served over HTTPS. @ https://malishaedu.com/user/notification:75
[     335ms] [WARNING] Failed to decode downloaded font: https://malishaedu.com/backend/assets/vendors/iconfonts/font-awesome/webfonts/fa-solid-900.html @ https://malishaedu.com/user/notification:227
[     335ms] [WARNING] OTS parsing error: Failed to convert WOFF 2.0 font to SFNT @ https://malishaedu.com/user/notification:227
[     337ms] [WARNING] Failed to decode downloaded font: https://malishaedu.com/backend/assets/fonts/PT_Sans/PTSans-Bold.html @ https://malishaedu.com/user/notification:227
[     338ms] [WARNING] OTS parsing error: Failed to convert WOFF 2.0 font to SFNT @ https://malishaedu.com/user/notification:227
[     338ms] [WARNING] Failed to decode downloaded font: https://malishaedu.com/backend/assets/fonts/PT_Sans/PTSans-Bold.html @ https://malishaedu.com/user/notification:227
[     338ms] [WARNING] OTS parsing error: Failed to convert WOFF 2.0 font to SFNT @ https://malishaedu.com/user/notification:227
[   13503ms] [WARNING] Failed to decode downloaded font: https://malishaedu.com/backend/assets/vendors/iconfonts/font-awesome/webfonts/fa-solid-900.html @ https://malishaedu.com/user/dashboard:395
[   13503ms] [WARNING] OTS parsing error: Failed to convert WOFF 2.0 font to SFNT @ https://malishaedu.com/user/dashboard:395
[   13503ms] [ERROR] Mixed Content: The page at 'https://malishaedu.com/user/dashboard' was loaded over HTTPS, but requested an insecure font 'http://www.urbanui.com/'. This request has been blocked; the content must be served over HTTPS. @ https://malishaedu.com/user/dashboard:395
[   13504ms] [ERROR] Mixed Content: The page at 'https://malishaedu.com/user/dashboard' was loaded over HTTPS, but requested an insecure font 'http://www.urbanui.com/'. This request has been blocked; the content must be served over HTTPS. @ https://malishaedu.com/user/dashboard:395
[   13504ms] [ERROR] Mixed Content: The page at 'https://malishaedu.com/user/dashboard' was loaded over HTTPS, but requested an insecure font 'http://www.urbanui.com/'. This request has been blocked; the content must be served over HTTPS. @ https://malishaedu.com/user/dashboard:395
[   13504ms] [ERROR] Mixed Content: The page at 'https://malishaedu.com/user/dashboard' was loaded over HTTPS, but requested an insecure font 'http://www.urbanui.com/'. This request has been blocked; the content must be served over HTTPS. @ https://malishaedu.com/user/dashboard:395
[   13504ms] [ERROR] Mixed Content: The page at 'https://malishaedu.com/user/dashboard' was loaded over HTTPS, but requested an insecure font 'http://www.urbanui.com/'. This request has been blocked; the content must be served over HTTPS. @ https://malishaedu.com/user/dashboard:395
[   13536ms] [WARNING] Failed to decode downloaded font: https://malishaedu.com/backend/assets/vendors/iconfonts/font-awesome/webfonts/fa-solid-900.html @ https://malishaedu.com/user/dashboard:660
[   13536ms] [WARNING] OTS parsing error: Failed to convert WOFF 2.0 font to SFNT @ https://malishaedu.com/user/dashboard:660
[   13541ms] [WARNING] Failed to decode downloaded font: https://malishaedu.com/backend/assets/fonts/PT_Sans/PTSans-Bold.html @ https://malishaedu.com/user/dashboard:660
[   13541ms] [WARNING] OTS parsing error: Failed to convert WOFF 2.0 font to SFNT @ https://malishaedu.com/user/dashboard:660
[   13541ms] [WARNING] Failed to decode downloaded font: https://malishaedu.com/backend/assets/fonts/PT_Sans/PTSans-Bold.html @ https://malishaedu.com/user/dashboard:660
[   13541ms] [WARNING] OTS parsing error: Failed to convert WOFF 2.0 font to SFNT @ https://malishaedu.com/user/dashboard:660
[   34113ms] [ERROR] Failed to load resource: the server responded with a status of 404 () @ https://malishaedu.com/user/event:0
[   46001ms] [WARNING] Failed to decode downloaded font: https://malishaedu.com/backend/assets/vendors/iconfonts/font-awesome/webfonts/fa-solid-900.html @ https://malishaedu.com/user/notification:75
[   46001ms] [WARNING] OTS parsing error: Failed to convert WOFF 2.0 font to SFNT @ https://malishaedu.com/user/notification:75
[   46002ms] [ERROR] Mixed Content: The page at 'https://malishaedu.com/user/notification' was loaded over HTTPS, but requested an insecure font 'http://www.urbanui.com/'. This request has been blocked; the content must be served over HTTPS. @ https://malishaedu.com/user/notification:75
[   46002ms] [ERROR] Mixed Content: The page at 'https://malishaedu.com/user/notification' was loaded over HTTPS, but requested an insecure font 'http://www.urbanui.com/'. This request has been blocked; the content must be served over HTTPS. @ https://malishaedu.com/user/notification:75
[   46002ms] [ERROR] Mixed Content: The page at 'https://malishaedu.com/user/notification' was loaded over HTTPS, but requested an insecure font 'http://www.urbanui.com/'. This request has been blocked; the content must be served over HTTPS. @ https://malishaedu.com/user/notification:75
[   46002ms] [ERROR] Mixed Content: The page at 'https://malishaedu.com/user/notification' was loaded over HTTPS, but requested an insecure font 'http://www.urbanui.com/'. This request has been blocked; the content must be served over HTTPS. @ https://malishaedu.com/user/notification:75
[   46002ms] [ERROR] Mixed Content: The page at 'https://malishaedu.com/user/notification' was loaded over HTTPS, but requested an insecure font 'http://www.urbanui.com/'. This request has been blocked; the content must be served over HTTPS. @ https://malishaedu.com/user/notification:75
[   46037ms] [WARNING] Failed to decode downloaded font: https://malishaedu.com/backend/assets/vendors/iconfonts/font-awesome/webfonts/fa-solid-900.html @ https://malishaedu.com/user/notification:227
[   46037ms] [WARNING] OTS parsing error: Failed to convert WOFF 2.0 font to SFNT @ https://malishaedu.com/user/notification:227
[   46040ms] [WARNING] Failed to decode downloaded font: https://malishaedu.com/backend/assets/fonts/PT_Sans/PTSans-Bold.html @ https://malishaedu.com/user/notification:227
[   46040ms] [WARNING] OTS parsing error: Failed to convert WOFF 2.0 font to SFNT @ https://malishaedu.com/user/notification:227
[   46040ms] [WARNING] Failed to decode downloaded font: https://malishaedu.com/backend/assets/fonts/PT_Sans/PTSans-Bold.html @ https://malishaedu.com/user/notification:227
[   46040ms] [WARNING] OTS parsing error: Failed to convert WOFF 2.0 font to SFNT @ https://malishaedu.com/user/notification:227
[   61986ms] [WARNING] Failed to decode downloaded font: https://malishaedu.com/backend/assets/vendors/iconfonts/font-awesome/webfonts/fa-solid-900.html @ https://malishaedu.com/user/dashboard:660
[   61986ms] [WARNING] OTS parsing error: Failed to convert WOFF 2.0 font to SFNT @ https://malishaedu.com/user/dashboard:660
[   61986ms] [ERROR] Mixed Content: The page at 'https://malishaedu.com/user/dashboard' was loaded over HTTPS, but requested an insecure font 'http://www.urbanui.com/'. This request has been blocked; the content must be served over HTTPS. @ https://malishaedu.com/user/dashboard:660
[   61986ms] [ERROR] Mixed Content: The page at 'https://malishaedu.com/user/dashboard' was loaded over HTTPS, but requested an insecure font 'http://www.urbanui.com/'. This request has been blocked; the content must be served over HTTPS. @ https://malishaedu.com/user/dashboard:660
[   61986ms] [ERROR] Mixed Content: The page at 'https://malishaedu.com/user/dashboard' was loaded over HTTPS, but requested an insecure font 'http://www.urbanui.com/'. This request has been blocked; the content must be served over HTTPS. @ https://malishaedu.com/user/dashboard:660
[   61986ms] [ERROR] Mixed Content: The page at 'https://malishaedu.com/user/dashboard' was loaded over HTTPS, but requested an insecure font 'http://www.urbanui.com/'. This request has been blocked; the content must be served over HTTPS. @ https://malishaedu.com/user/dashboard:660
[   61987ms] [ERROR] Mixed Content: The page at 'https://malishaedu.com/user/dashboard' was loaded over HTTPS, but requested an insecure font 'http://www.urbanui.com/'. This request has been blocked; the content must be served over HTTPS. @ https://malishaedu.com/user/dashboard:660
[   61992ms] [WARNING] Failed to decode downloaded font: https://malishaedu.com/backend/assets/fonts/PT_Sans/PTSans-Bold.html @ https://malishaedu.com/user/dashboard:660
[   61992ms] [WARNING] OTS parsing error: Failed to convert WOFF 2.0 font to SFNT @ https://malishaedu.com/user/dashboard:660
[   68777ms] [WARNING] Failed to decode downloaded font: https://malishaedu.com/backend/assets/vendors/iconfonts/font-awesome/webfonts/fa-solid-900.html @ https://malishaedu.com/user/notification:227
[   68777ms] [WARNING] OTS parsing error: Failed to convert WOFF 2.0 font to SFNT @ https://malishaedu.com/user/notification:227
[   68777ms] [ERROR] Mixed Content: The page at 'https://malishaedu.com/user/notification' was loaded over HTTPS, but requested an insecure font 'http://www.urbanui.com/'. This request has been blocked; the content must be served over HTTPS. @ https://malishaedu.com/user/notification:227
[   68777ms] [ERROR] Mixed Content: The page at 'https://malishaedu.com/user/notification' was loaded over HTTPS, but requested an insecure font 'http://www.urbanui.com/'. This request has been blocked; the content must be served over HTTPS. @ https://malishaedu.com/user/notification:227
[   68777ms] [ERROR] Mixed Content: The page at 'https://malishaedu.com/user/notification' was loaded over HTTPS, but requested an insecure font 'http://www.urbanui.com/'. This request has been blocked; the content must be served over HTTPS. @ https://malishaedu.com/user/notification:227
[   68777ms] [ERROR] Mixed Content: The page at 'https://malishaedu.com/user/notification' was loaded over HTTPS, but requested an insecure font 'http://www.urbanui.com/'. This request has been blocked; the content must be served over HTTPS. @ https://malishaedu.com/user/notification:227
[   68777ms] [ERROR] Mixed Content: The page at 'https://malishaedu.com/user/notification' was loaded over HTTPS, but requested an insecure font 'http://www.urbanui.com/'. This request has been blocked; the content must be served over HTTPS. @ https://malishaedu.com/user/notification:227
[   68781ms] [WARNING] Failed to decode downloaded font: https://malishaedu.com/backend/assets/fonts/PT_Sans/PTSans-Bold.html @ https://malishaedu.com/user/notification:227
[   68781ms] [WARNING] OTS parsing error: Failed to convert WOFF 2.0 font to SFNT @ https://malishaedu.com/user/notification:227
[   72039ms] [WARNING] Failed to decode downloaded font: https://malishaedu.com/backend/assets/vendors/iconfonts/font-awesome/webfonts/fa-solid-900.html @ https://malishaedu.com/user/my-applications:93
[   72039ms] [WARNING] OTS parsing error: Failed to convert WOFF 2.0 font to SFNT @ https://malishaedu.com/user/my-applications:93
[   72040ms] [ERROR] Mixed Content: The page at 'https://malishaedu.com/user/my-applications' was loaded over HTTPS, but requested an insecure font 'http://www.urbanui.com/'. This request has been blocked; the content must be served over HTTPS. @ https://malishaedu.com/user/my-applications:93
[   72040ms] [ERROR] Mixed Content: The page at 'https://malishaedu.com/user/my-applications' was loaded over HTTPS, but requested an insecure font 'http://www.urbanui.com/'. This request has been blocked; the content must be served over HTTPS. @ https://malishaedu.com/user/my-applications:93
[   72040ms] [ERROR] Mixed Content: The page at 'https://malishaedu.com/user/my-applications' was loaded over HTTPS, but requested an insecure font 'http://www.urbanui.com/'. This request has been blocked; the content must be served over HTTPS. @ https://malishaedu.com/user/my-applications:93
[   72040ms] [ERROR] Mixed Content: The page at 'https://malishaedu.com/user/my-applications' was loaded over HTTPS, but requested an insecure font 'http://www.urbanui.com/'. This request has been blocked; the content must be served over HTTPS. @ https://malishaedu.com/user/my-applications:93
[   72040ms] [ERROR] Mixed Content: The page at 'https://malishaedu.com/user/my-applications' was loaded over HTTPS, but requested an insecure font 'http://www.urbanui.com/'. This request has been blocked; the content must be served over HTTPS. @ https://malishaedu.com/user/my-applications:93
[   72068ms] [WARNING] Failed to decode downloaded font: https://malishaedu.com/backend/assets/vendors/iconfonts/font-awesome/webfonts/fa-solid-900.html @ https://malishaedu.com/user/my-applications:614
[   72068ms] [WARNING] OTS parsing error: Failed to convert WOFF 2.0 font to SFNT @ https://malishaedu.com/user/my-applications:614
[   72072ms] [WARNING] Failed to decode downloaded font: https://malishaedu.com/backend/assets/fonts/PT_Sans/PTSans-Bold.html @ https://malishaedu.com/user/my-applications:614
[   72072ms] [WARNING] OTS parsing error: Failed to convert WOFF 2.0 font to SFNT @ https://malishaedu.com/user/my-applications:614
[   72072ms] [WARNING] Failed to decode downloaded font: https://malishaedu.com/backend/assets/fonts/PT_Sans/PTSans-Bold.html @ https://malishaedu.com/user/my-applications:614
[   72072ms] [WARNING] OTS parsing error: Failed to convert WOFF 2.0 font to SFNT @ https://malishaedu.com/user/my-applications:614
[  103574ms] [ERROR] Failed to load resource: the server responded with a status of 404 () @ https://malishaedu.com/frontend/application/modules/frontend/views/themes/default/assets/css/ajax-loader.gif:0
[  103574ms] [ERROR] Failed to load resource: the server responded with a status of 404 () @ https://malishaedu.com/frontend/application/modules/frontend/views/themes/default/assets/css/fonts/slick.woff:0
[  103896ms] [ERROR] Failed to load resource: the server responded with a status of 404 () @ https://malishaedu.com/frontend/application/modules/frontend/views/themes/default/assets/css/fonts/slick.ttf:0
[  104565ms] [WARNING] lightGallery: 0000-0000-000-0000 license key is not valid for production use @ https://cdnjs.cloudflare.com/ajax/libs/lightgallery/2.7.2/lightgallery.min.js:7
[  106322ms] [VERBOSE] [DOM] Input elements should have autocomplete attributes (suggested: "current-password"): (More info: https://goo.gl/9p2vKq) %o @ https://malishaedu.com/sign-in:0
[  126197ms] [VERBOSE] [DOM] Input elements should have autocomplete attributes (suggested: "current-password"): (More info: https://goo.gl/9p2vKq) %o @ https://malishaedu.com/partner-sign-in:0
[  131357ms] [ERROR] Failed to load resource: the server responded with a status of 404 () @ https://malishaedu.com/admin-sign-in:0
[  135425ms] [ERROR] Failed to load resource: the server responded with a status of 404 () @ https://malishaedu.com/admin:0
